--------------------------------------------
react-scripts build config:
{
  "mode": "development",
  "bail": true,
  "devtool": "source-map",
  "entry": [
    "/home/mjackson/demos/intro-react/client/src/index.js"
  ],
  "output": {
    "path": "/home/mjackson/demos/intro-react/client/build",
    "pathinfo": false,
    "filename": "[name].js",
    "futureEmitAssets": true,
    "chunkFilename": "static/js/[name].[contenthash:8].chunk.js",
    "publicPath": "/",
    "jsonpFunction": "webpackJsonpclient",
    "globalObject": "this"
  },
  "optimization": {
    "minimize": false,
    "minimizer": [
      {
        "options": {
          "test": {},
          "extractComments": true,
          "sourceMap": true,
          "cache": true,
          "parallel": true,
          "terserOptions": {
            "parse": {
              "ecma": 8
            },
            "compress": {
              "ecma": 5,
              "warnings": false,
              "comparisons": false,
              "inline": 2
            },
            "mangle": {
              "safari10": true
            },
            "keep_classnames": false,
            "keep_fnames": false,
            "output": {
              "ecma": 5,
              "comments": false,
              "ascii_only": true
            }
          }
        }
      },
      {
        "pluginDescriptor": {
          "name": "OptimizeCssAssetsWebpackPlugin"
        },
        "options": {
          "assetProcessors": [
            {
              "phase": "compilation.optimize-chunk-assets",
              "regExp": {}
            }
          ],
          "assetNameRegExp": {},
          "cssProcessorOptions": {
            "map": {
              "inline": false,
              "annotation": true
            }
          },
          "cssProcessorPluginOptions": {
            "preset": [
              "default",
              {
                "minifyFontValues": {
                  "removeQuotes": false
                }
              }
            ]
          }
        },
        "phaseAssetProcessors": {
          "compilation.optimize-chunk-assets": [
            {
              "phase": "compilation.optimize-chunk-assets",
              "regExp": {}
            }
          ],
          "compilation.optimize-assets": [],
          "emit": []
        },
        "deleteAssetsMap": {}
      }
    ],
    "splitChunks": {
      "cacheGroups": {
        "default": false
      }
    },
    "runtimeChunk": false
  },
  "resolve": {
    "modules": [
      "node_modules",
      "/home/mjackson/demos/intro-react/client/node_modules"
    ],
    "extensions": [
      ".web.mjs",
      ".mjs",
      ".web.js",
      ".js",
      ".json",
      ".web.jsx",
      ".jsx"
    ],
    "alias": {
      "react-native": "react-native-web"
    },
    "plugins": [
      {
        "topLevelLoader": {}
      },
      {
        "appSrcs": [
          "/home/mjackson/demos/intro-react/client/src"
        ],
        "allowedFiles": {}
      }
    ]
  },
  "resolveLoader": {
    "plugins": [
      {}
    ]
  },
  "module": {
    "strictExportPresence": true,
    "rules": [
      {
        "parser": {
          "requireEnsure": false
        }
      },
      {
        "test": {},
        "enforce": "pre",
        "use": [
          {
            "options": {
              "cache": true,
              "formatter": "/home/mjackson/demos/intro-react/client/node_modules/react-dev-utils/eslintFormatter.js",
              "eslintPath": "/home/mjackson/demos/intro-react/client/node_modules/eslint/lib/api.js",
              "resolvePluginsRelativeTo": "/home/mjackson/demos/intro-react/client/node_modules/react-scripts/config",
              "ignore": false,
              "baseConfig": {
                "extends": [
                  "/home/mjackson/demos/intro-react/client/node_modules/eslint-config-react-app/index.js"
                ]
              },
              "useEslintrc": false
            },
            "loader": "/home/mjackson/demos/intro-react/client/node_modules/eslint-loader/dist/cjs.js"
          }
        ],
        "include": "/home/mjackson/demos/intro-react/client/src"
      },
      {
        "oneOf": [
          {
            "test": [
              {},
              {},
              {},
              {}
            ],
            "loader": "/home/mjackson/demos/intro-react/client/node_modules/url-loader/dist/cjs.js",
            "options": {
              "limit": 10000,
              "name": "static/media/[name].[hash:8].[ext]"
            }
          },
          {
            "test": {},
            "include": "/home/mjackson/demos/intro-react/client/src",
            "loader": "/home/mjackson/demos/intro-react/client/node_modules/babel-loader/lib/index.js",
            "options": {
              "customize": "/home/mjackson/demos/intro-react/client/node_modules/babel-preset-react-app/webpack-overrides.js",
              "babelrc": false,
              "configFile": false,
              "presets": [
                "/home/mjackson/demos/intro-react/client/node_modules/babel-preset-react-app/index.js"
              ],
              "cacheIdentifier": "production:babel-plugin-named-asset-import@0.3.6:babel-preset-react-app@9.1.2:react-dev-utils@10.2.1:react-scripts@3.4.1",
              "plugins": [
                [
                  "/home/mjackson/demos/intro-react/client/node_modules/babel-plugin-named-asset-import/index.js",
                  {
                    "loaderMap": {
                      "svg": {
                        "ReactComponent": "@svgr/webpack?-svgo,+titleProp,+ref![path]"
                      }
                    }
                  }
                ]
              ],
              "cacheDirectory": true,
              "cacheCompression": false,
              "compact": true
            }
          },
          {
            "test": {},
            "exclude": {},
            "loader": "/home/mjackson/demos/intro-react/client/node_modules/babel-loader/lib/index.js",
            "options": {
              "babelrc": false,
              "configFile": false,
              "compact": false,
              "presets": [
                [
                  "/home/mjackson/demos/intro-react/client/node_modules/babel-preset-react-app/dependencies.js",
                  {
                    "helpers": true
                  }
                ]
              ],
              "cacheDirectory": true,
              "cacheCompression": false,
              "cacheIdentifier": "production:babel-plugin-named-asset-import@0.3.6:babel-preset-react-app@9.1.2:react-dev-utils@10.2.1:react-scripts@3.4.1",
              "sourceMaps": true,
              "inputSourceMap": true
            }
          },
          {
            "test": {},
            "exclude": {},
            "use": [
              {
                "loader": "/home/mjackson/demos/intro-react/client/node_modules/mini-css-extract-plugin/dist/loader.js",
                "options": {}
              },
              {
                "loader": "/home/mjackson/demos/intro-react/client/node_modules/css-loader/dist/cjs.js",
                "options": {
                  "importLoaders": 1,
                  "sourceMap": true
                }
              },
              {
                "loader": "/home/mjackson/demos/intro-react/client/node_modules/postcss-loader/src/index.js",
                "options": {
                  "ident": "postcss",
                  "sourceMap": true
                }
              }
            ],
            "sideEffects": true
          },
          {
            "test": {},
            "use": [
              {
                "loader": "/home/mjackson/demos/intro-react/client/node_modules/mini-css-extract-plugin/dist/loader.js",
                "options": {}
              },
              {
                "loader": "/home/mjackson/demos/intro-react/client/node_modules/css-loader/dist/cjs.js",
                "options": {
                  "importLoaders": 1,
                  "sourceMap": true,
                  "modules": {}
                }
              },
              {
                "loader": "/home/mjackson/demos/intro-react/client/node_modules/postcss-loader/src/index.js",
                "options": {
                  "ident": "postcss",
                  "sourceMap": true
                }
              }
            ]
          },
          {
            "test": {},
            "exclude": {},
            "use": [
              {
                "loader": "/home/mjackson/demos/intro-react/client/node_modules/mini-css-extract-plugin/dist/loader.js",
                "options": {}
              },
              {
                "loader": "/home/mjackson/demos/intro-react/client/node_modules/css-loader/dist/cjs.js",
                "options": {
                  "importLoaders": 3,
                  "sourceMap": true
                }
              },
              {
                "loader": "/home/mjackson/demos/intro-react/client/node_modules/postcss-loader/src/index.js",
                "options": {
                  "ident": "postcss",
                  "sourceMap": true
                }
              },
              {
                "loader": "/home/mjackson/demos/intro-react/client/node_modules/resolve-url-loader/index.js",
                "options": {
                  "sourceMap": true
                }
              },
              {
                "loader": "/home/mjackson/demos/intro-react/client/node_modules/sass-loader/dist/cjs.js",
                "options": {
                  "sourceMap": true
                }
              }
            ],
            "sideEffects": true
          },
          {
            "test": {},
            "use": [
              {
                "loader": "/home/mjackson/demos/intro-react/client/node_modules/mini-css-extract-plugin/dist/loader.js",
                "options": {}
              },
              {
                "loader": "/home/mjackson/demos/intro-react/client/node_modules/css-loader/dist/cjs.js",
                "options": {
                  "importLoaders": 3,
                  "sourceMap": true,
                  "modules": {}
                }
              },
              {
                "loader": "/home/mjackson/demos/intro-react/client/node_modules/postcss-loader/src/index.js",
                "options": {
                  "ident": "postcss",
                  "sourceMap": true
                }
              },
              {
                "loader": "/home/mjackson/demos/intro-react/client/node_modules/resolve-url-loader/index.js",
                "options": {
                  "sourceMap": true
                }
              },
              {
                "loader": "/home/mjackson/demos/intro-react/client/node_modules/sass-loader/dist/cjs.js",
                "options": {
                  "sourceMap": true
                }
              }
            ]
          },
          {
            "loader": "/home/mjackson/demos/intro-react/client/node_modules/file-loader/dist/cjs.js",
            "exclude": [
              {},
              {},
              {}
            ],
            "options": {
              "name": "static/media/[name].[hash:8].[ext]"
            }
          }
        ]
      }
    ]
  },
  "plugins": [
    {
      "options": {
        "template": "/home/mjackson/demos/intro-react/client/public/index.html",
        "templateContent": false,
        "filename": "index.html",
        "hash": false,
        "inject": true,
        "compile": true,
        "favicon": false,
        "minify": {
          "removeComments": true,
          "collapseWhitespace": true,
          "removeRedundantAttributes": true,
          "useShortDoctype": true,
          "removeEmptyAttributes": true,
          "removeStyleLinkTypeAttributes": true,
          "keepClosingSlash": true,
          "minifyJS": true,
          "minifyCSS": true,
          "minifyURLs": true
        },
        "cache": true,
        "showErrors": true,
        "chunks": "all",
        "excludeChunks": [],
        "chunksSortMode": "auto",
        "meta": {},
        "base": false,
        "title": "Webpack App",
        "xhtml": false
      },
      "version": 4
    },
    {
      "tests": [
        {}
      ]
    },
    {
      "replacements": {
        "NODE_ENV": "development",
        "PUBLIC_URL": ""
      }
    },
    {
      "appPath": "/home/mjackson/demos/intro-react/client"
    },
    {
      "definitions": {
        "process.env": {
          "NODE_ENV": "development",
          "PUBLIC_URL": "\"\""
        }
      }
    },
    {
      "options": {
        "filename": "[name].css",
        "ignoreOrder": false,
        "chunkFilename": "static/css/[name].[contenthash:8].chunk.css",
        "publicPath": "../"
      }
    },
    {
      "opts": {
        "publicPath": "/",
        "basePath": "",
        "fileName": "asset-manifest.json",
        "transformExtensions": {},
        "writeToFileEmit": false,
        "seed": null,
        "filter": null,
        "map": null,
        "sort": null
      }
    },
    {
      "options": {
        "resourceRegExp": {},
        "contextRegExp": {}
      }
    },
    {
      "config": {
        "chunks": [],
        "exclude": [
          {},
          {}
        ],
        "excludeChunks": [],
        "importsDirectory": "",
        "importScripts": [],
        "importWorkboxFrom": "cdn",
        "precacheManifestFilename": "precache-manifest.[manifestHash].js",
        "swDest": "service-worker.js",
        "clientsClaim": true,
        "navigateFallback": "/index.html",
        "navigateFallbackBlacklist": [
          {},
          {}
        ]
      }
    }
  ],
  "node": {
    "module": "empty",
    "dgram": "empty",
    "dns": "mock",
    "fs": "empty",
    "http2": "empty",
    "net": "empty",
    "tls": "empty",
    "child_process": "empty"
  },
  "performance": false
}
--------------------------------------------
Creating an optimized production build...
Compiled successfully.

File sizes after gzip:

  269.62 KB  build/main.js
  584 B      build/main.css

The project was built assuming it is hosted at /.
You can control this with the homepage field in your package.json.

The build folder is ready to be deployed.
You may serve it with a static server:

  npm install -g serve
  serve -s build

Find out more about deployment here:

  bit.ly/CRA-deploy

